{"total": {"lines":{"total":652,"covered":223,"skipped":0,"pct":34.2},"statements":{"total":710,"covered":241,"skipped":0,"pct":33.94},"functions":{"total":130,"covered":43,"skipped":0,"pct":33.07},"branches":{"total":439,"covered":119,"skipped":0,"pct":27.1},"branchesTrue":{"total":0,"covered":0,"skipped":0,"pct":100}}
,"/Users/rory/Dev/quorum/apps/bff/src/seed.ts": {"lines":{"total":20,"covered":0,"skipped":0,"pct":0},"functions":{"total":2,"covered":0,"skipped":0,"pct":0},"statements":{"total":20,"covered":0,"skipped":0,"pct":0},"branches":{"total":0,"covered":0,"skipped":0,"pct":100}}
,"/Users/rory/Dev/quorum/apps/bff/src/middleware/requireAdmin.ts": {"lines":{"total":11,"covered":11,"skipped":0,"pct":100},"functions":{"total":2,"covered":2,"skipped":0,"pct":100},"statements":{"total":11,"covered":11,"skipped":0,"pct":100},"branches":{"total":6,"covered":6,"skipped":0,"pct":100}}
,"/Users/rory/Dev/quorum/apps/bff/src/middleware/requireAuth.ts": {"lines":{"total":9,"covered":9,"skipped":0,"pct":100},"functions":{"total":1,"covered":1,"skipped":0,"pct":100},"statements":{"total":9,"covered":9,"skipped":0,"pct":100},"branches":{"total":6,"covered":6,"skipped":0,"pct":100}}
,"/Users/rory/Dev/quorum/apps/bff/src/routes/admin.ts": {"lines":{"total":83,"covered":76,"skipped":0,"pct":91.56},"functions":{"total":11,"covered":10,"skipped":0,"pct":90.9},"statements":{"total":91,"covered":84,"skipped":0,"pct":92.3},"branches":{"total":36,"covered":33,"skipped":0,"pct":91.66}}
,"/Users/rory/Dev/quorum/apps/bff/src/routes/auth.ts": {"lines":{"total":63,"covered":0,"skipped":0,"pct":0},"functions":{"total":10,"covered":0,"skipped":0,"pct":0},"statements":{"total":64,"covered":0,"skipped":0,"pct":0},"branches":{"total":26,"covered":0,"skipped":0,"pct":0}}
,"/Users/rory/Dev/quorum/apps/bff/src/routes/calendar.ts": {"lines":{"total":23,"covered":0,"skipped":0,"pct":0},"functions":{"total":9,"covered":0,"skipped":0,"pct":0},"statements":{"total":24,"covered":0,"skipped":0,"pct":0},"branches":{"total":23,"covered":0,"skipped":0,"pct":0}}
,"/Users/rory/Dev/quorum/apps/bff/src/routes/documents.ts": {"lines":{"total":104,"covered":61,"skipped":0,"pct":58.65},"functions":{"total":16,"covered":14,"skipped":0,"pct":87.5},"statements":{"total":107,"covered":64,"skipped":0,"pct":59.81},"branches":{"total":52,"covered":32,"skipped":0,"pct":61.53}}
,"/Users/rory/Dev/quorum/apps/bff/src/routes/search.ts": {"lines":{"total":59,"covered":0,"skipped":0,"pct":0},"functions":{"total":13,"covered":0,"skipped":0,"pct":0},"statements":{"total":64,"covered":0,"skipped":0,"pct":0},"branches":{"total":42,"covered":0,"skipped":0,"pct":0}}
,"/Users/rory/Dev/quorum/apps/bff/src/services/calendar.ts": {"lines":{"total":115,"covered":0,"skipped":0,"pct":0},"functions":{"total":26,"covered":0,"skipped":0,"pct":0},"statements":{"total":137,"covered":0,"skipped":0,"pct":0},"branches":{"total":118,"covered":0,"skipped":0,"pct":0}}
,"/Users/rory/Dev/quorum/apps/bff/src/services/db.ts": {"lines":{"total":69,"covered":66,"skipped":0,"pct":95.65},"functions":{"total":17,"covered":16,"skipped":0,"pct":94.11},"statements":{"total":76,"covered":73,"skipped":0,"pct":96.05},"branches":{"total":45,"covered":42,"skipped":0,"pct":93.33}}
,"/Users/rory/Dev/quorum/apps/bff/src/services/drive.ts": {"lines":{"total":57,"covered":0,"skipped":0,"pct":0},"functions":{"total":15,"covered":0,"skipped":0,"pct":0},"statements":{"total":65,"covered":0,"skipped":0,"pct":0},"branches":{"total":53,"covered":0,"skipped":0,"pct":0}}
,"/Users/rory/Dev/quorum/apps/bff/src/services/keycloak.ts": {"lines":{"total":39,"covered":0,"skipped":0,"pct":0},"functions":{"total":8,"covered":0,"skipped":0,"pct":0},"statements":{"total":42,"covered":0,"skipped":0,"pct":0},"branches":{"total":32,"covered":0,"skipped":0,"pct":0}}
}
