{"total": {"lines":{"total":652,"covered":505,"skipped":0,"pct":77.45},"statements":{"total":710,"covered":546,"skipped":0,"pct":76.9},"functions":{"total":130,"covered":106,"skipped":0,"pct":81.53},"branches":{"total":439,"covered":300,"skipped":0,"pct":68.33},"branchesTrue":{"total":0,"covered":0,"skipped":0,"pct":100}}
,"/Users/rory/Dev/quorum/apps/bff/src/seed.ts": {"lines":{"total":20,"covered":0,"skipped":0,"pct":0},"functions":{"total":2,"covered":0,"skipped":0,"pct":0},"statements":{"total":20,"covered":0,"skipped":0,"pct":0},"branches":{"total":0,"covered":0,"skipped":0,"pct":100}}
,"/Users/rory/Dev/quorum/apps/bff/src/middleware/requireAdmin.ts": {"lines":{"total":11,"covered":11,"skipped":0,"pct":100},"functions":{"total":2,"covered":2,"skipped":0,"pct":100},"statements":{"total":11,"covered":11,"skipped":0,"pct":100},"branches":{"total":6,"covered":6,"skipped":0,"pct":100}}
,"/Users/rory/Dev/quorum/apps/bff/src/middleware/requireAuth.ts": {"lines":{"total":9,"covered":9,"skipped":0,"pct":100},"functions":{"total":1,"covered":1,"skipped":0,"pct":100},"statements":{"total":9,"covered":9,"skipped":0,"pct":100},"branches":{"total":6,"covered":6,"skipped":0,"pct":100}}
,"/Users/rory/Dev/quorum/apps/bff/src/routes/admin.ts": {"lines":{"total":83,"covered":76,"skipped":0,"pct":91.56},"functions":{"total":11,"covered":10,"skipped":0,"pct":90.9},"statements":{"total":91,"covered":84,"skipped":0,"pct":92.3},"branches":{"total":36,"covered":33,"skipped":0,"pct":91.66}}
,"/Users/rory/Dev/quorum/apps/bff/src/routes/auth.ts": {"lines":{"total":63,"covered":55,"skipped":0,"pct":87.3},"functions":{"total":10,"covered":10,"skipped":0,"pct":100},"statements":{"total":64,"covered":55,"skipped":0,"pct":85.93},"branches":{"total":26,"covered":20,"skipped":0,"pct":76.92}}
,"/Users/rory/Dev/quorum/apps/bff/src/routes/calendar.ts": {"lines":{"total":23,"covered":23,"skipped":0,"pct":100},"functions":{"total":9,"covered":9,"skipped":0,"pct":100},"statements":{"total":24,"covered":24,"skipped":0,"pct":100},"branches":{"total":23,"covered":21,"skipped":0,"pct":91.3}}
,"/Users/rory/Dev/quorum/apps/bff/src/routes/documents.ts": {"lines":{"total":104,"covered":99,"skipped":0,"pct":95.19},"functions":{"total":16,"covered":16,"skipped":0,"pct":100},"statements":{"total":107,"covered":102,"skipped":0,"pct":95.32},"branches":{"total":52,"covered":48,"skipped":0,"pct":92.3}}
,"/Users/rory/Dev/quorum/apps/bff/src/routes/search.ts": {"lines":{"total":59,"covered":52,"skipped":0,"pct":88.13},"functions":{"total":13,"covered":11,"skipped":0,"pct":84.61},"statements":{"total":64,"covered":55,"skipped":0,"pct":85.93},"branches":{"total":42,"covered":32,"skipped":0,"pct":76.19}}
,"/Users/rory/Dev/quorum/apps/bff/src/services/calendar.ts": {"lines":{"total":115,"covered":54,"skipped":0,"pct":46.95},"functions":{"total":26,"covered":13,"skipped":0,"pct":50},"statements":{"total":137,"covered":66,"skipped":0,"pct":48.17},"branches":{"total":118,"covered":46,"skipped":0,"pct":38.98}}
,"/Users/rory/Dev/quorum/apps/bff/src/services/db.ts": {"lines":{"total":69,"covered":66,"skipped":0,"pct":95.65},"functions":{"total":17,"covered":16,"skipped":0,"pct":94.11},"statements":{"total":76,"covered":73,"skipped":0,"pct":96.05},"branches":{"total":45,"covered":42,"skipped":0,"pct":93.33}}
,"/Users/rory/Dev/quorum/apps/bff/src/services/drive.ts": {"lines":{"total":57,"covered":21,"skipped":0,"pct":36.84},"functions":{"total":15,"covered":10,"skipped":0,"pct":66.66},"statements":{"total":65,"covered":27,"skipped":0,"pct":41.53},"branches":{"total":53,"covered":16,"skipped":0,"pct":30.18}}
,"/Users/rory/Dev/quorum/apps/bff/src/services/keycloak.ts": {"lines":{"total":39,"covered":39,"skipped":0,"pct":100},"functions":{"total":8,"covered":8,"skipped":0,"pct":100},"statements":{"total":42,"covered":40,"skipped":0,"pct":95.23},"branches":{"total":32,"covered":30,"skipped":0,"pct":93.75}}
}
